http://chickcorea.com/
	Title: "Chick Corea"
	Snippet: "Apr 15, 2016 ... Official site of the pianist including biography, complete discography, tour 
schedule, music awards, and photo gallery."
	from: google

https://en.wikipedia.org/wiki/Chick_Corea
	Title: "Chick Corea - Wikipedia, the free encyclopedia"
	Snippet: "Armando Anthony "Chick" Corea (born June 12, 1941) is an American jazz and 
fusion pianist, keyboardist, and composer. Many of his compositions are ..."
	from: google

https://www.facebook.com/chickcorea/
	Title: "Chick Corea | Facebook"
	Snippet: "Chick Corea. 441202 likes · 18810 talking about this. Official Chick Corea 
Facebook page. Web site: http://www.chickcorea.com/"
	from: google

https://www.youtube.com/user/ChickCoreaTV
	Title: "Chick Corea - YouTube"
	Snippet: "A DownBeat Hall of Famer and NEA Jazz Master, 22-time Grammy winner, and 
keyboard virtuoso, Chick Corea has attained living legend status after five ..."
	from: google

http://www.allmusic.com/artist/chick-corea-mn0000110541
	Title: "Chick Corea | Biography, Albums, & Streaming Radio | AllMusic"
	Snippet: "Find Chick Corea bio, music, credits, awards, & streaming radio on AllMusic - 
Talented pianist who has a wide palette of…"
	from: google

https://www.discogs.com/artist/37731-Chick-Corea
	Title: "Chick Corea Discography at Discogs"
	Snippet: "Complete your Chick Corea record collection. Discover Chick Corea's full 
discography. Shop new and used Vinyl and CDs."
	from: google

https://twitter.com/chickcorea
	Title: "Chick Corea (@ChickCorea) | Twitter"
	Snippet: "944 tweets • 152 photos/videos • 86.5K followers. "Excellent clip, classic Elektric 
Band! RT @nathaniel_coke: Love this live version of 'Light Years' ..."
	from: google

http://www.allmusic.com/artist/chick-corea-mn0000110541/biography
	Title: "Chick Corea | Biography & History | AllMusic"
	Snippet: "Find Chick Corea biography and history on AllMusic - Chick Corea has been one 
of the most significant…"
	from: google

http://www.npr.org/2016/06/13/481844822/chick-corea-gary-burton-tiny-desk-concert
	Title: "Chick Corea & Gary Burton: Tiny Desk Concert : NPR"
	Snippet: "Jun 13, 2016 ... Gary Burton and Chick Corea were in town for the 2016 NEA Jazz Masters 
Concert. The NEA Jazz Masters fellowship is the highest honor our ..."
	from: google

http://chickcoreamusicworkshops.com/
	Title: "Home: PI Pre-Launch - Chick Corea Music Workshops"
	Snippet: "Chick's Longtime Goal — to Pay it Forward to Fellow Musicians. Join Chick 
Corea as he shares the knowledge and experience that he's acquired over his ..."
	from: google

http://www.last.fm/music/Chick+Corea
	Title: "Chick Corea — Free listening, videos, concerts, stats and ..."
	Snippet: "Born Armando Anthony Corea in Chelsea, Massachusetts, USA, on June 12, 1941, Chick began studying piano at age four. Chick Corea is one of the most prolific and ..."
	from: bing

http://www.amazon.co.uk/Chick-Corea/e/B000APTDWG
	Title: "Amazon.co.uk: Chick Corea: Albums, Songs, Biogs, Photos"
	Snippet: "Visit Amazon.co.uk's Chick Corea Store to shop for Chick Corea albums (CD, MP3, vinyl) and other Chick Corea-related products (DVD, books, clothing). Also explore ..."
	from: bing

https://chickcorea.com/concerts/
	Title: "Tour Schedule – Chick Corea"
	Snippet: "Tour Schedule Chick's ongoing world tour adds new bands, new shows and new tours all the time!"
	from: bing

http://www.youtube.com/channel/UC7Syqiz3THx07IfHPlgroRA
	Title: "Chick Corea - Topic - YouTube"
	Snippet: "Armando Anthony "Chick" Corea is an American jazz and fusion pianist, keyboardist, and composer. Many of his compositions are considered jazz standards. As a..."
	from: bing

https://www.amazon.com/Chick-Corea/e/B000APTDWG
	Title: "Amazon.com: Chick Corea: Songs, Albums, Pictures, Bios"
	Snippet: "Visit Amazon.com's Chick Corea Store to shop for Chick Corea albums (CD, MP3, Vinyl), concert tickets, and other Chick Corea-related products (DVDs, Books, T-shirts)."
	from: bing
 
-------------------------

 The following results were duplicated in Bing:

 http://chickcorea.com/
	Title: "Chick Corea"
	Snippet: "Official site of the pianist including biography, complete discography, tour schedule, music awards, and photo gallery."
	from: bing

http://www.allmusic.com/artist/chick-corea-mn0000110541
	Title: "Chick Corea | Biography, Albums, & Streaming Radio | AllMusic"
	Snippet: "Find Chick Corea bio, music, credits, awards, & streaming radio on AllMusic - Talented pianist who has a wide palette of…"
	from: bing

http://www.youtube.com/user/ChickCoreaTV
	Title: "Chick Corea - YouTube"
	Snippet: "A DownBeat Hall of Famer and NEA Jazz Master, 22-time Grammy winner, and keyboard virtuoso, Chick Corea has attained living legend status after five decades ..."
	from: bing

https://www.discogs.com/artist/37731-Chick-Corea
	Title: "Chick Corea Discography at Discogs"
	Snippet: "Complete your Chick Corea record collection. Discover Chick Corea's full discography. Shop new and used Vinyl and CDs."
	from: bing

https://en.wikipedia.org/wiki/Chick_Corea
	Title: "Chick Corea - Wikipedia, the free encyclopedia"
	Snippet: "Armando Anthony "Chick" Corea (born June 12, 1941) is an American jazz and fusion pianist, keyboardist, and composer. Many of his compositions are considered jazz ..."
	from: bing
 
-------------------------

 A simple similarity metric (does not consider results order):  50.000000%
