https://en.wikipedia.org/wiki/Charlie_Parker
	Title: "Charlie Parker - Wikipedia, the free encyclopedia"
	Snippet: "Charles "Charlie" Parker, Jr. (August 29, 1920 – March 12, 1955), also known as 
Yardbird and Bird, was an American jazz saxophonist and composer. Parker ..."
	from: google

http://www.cmgww.com/music/parker/home.html
	Title: "Charlie Parker"
	Snippet: "ABOUT CHARLIE PARKER The Official Site of Charlie Parker has everything you 
want to know about the original jazzmaster. Check out some Quotes, read all ..."
	from: google

https://www.youtube.com/watch?v=UTORd2Y_X6U
	Title: "Charlie Parker - All the things you are - YouTube"
	Snippet: "Jun 25, 2008 ... Charles "Bird" Parker, Jr. (1920.08.29.-1955.03.12.) All The Things You Are."
	from: google

http://www.allmusic.com/artist/charlie-parker-mn0000211758
	Title: "Charlie Parker | Biography, Albums, & Streaming Radio | AllMusic"
	Snippet: "Find Charlie Parker bio, music, credits, awards, & streaming radio on AllMusic - 
Jazz giant who changed the face of the entire…"
	from: google

http://www.biography.com/people/charlie-parker-9433413
	Title: "Charlie Parker - Saxophonist, Songwriter - Biography.com"
	Snippet: "Legendary jazz saxophonist Charlie Parker invented bebop before dying a tragic 
death at the hands of heroin. Learn more at Biography.com."
	from: google

https://www.discogs.com/artist/75617-Charlie-Parker
	Title: "Charlie Parker Discography at Discogs"
	Snippet: "Complete your Charlie Parker record collection. Discover Charlie Parker's full 
discography. Shop new and used Vinyl and CDs."
	from: google

http://www.charlieparkersdiner.com/
	Title: "Charlie Parker's Diner :: Springfield IL :: 217-241-2104"
	Snippet: "Charlie Parker's Diner Featured on Diners, Drive-ins and Dives. Featured on 
WGN America's Sky Dives. We offer all the classics as well as the local favorite, 
the ..."
	from: google

http://www.charlieparkerresidence.net/
	Title: "Charlie Parker: The Charlie Parker Residence, NYC"
	Snippet: "A photo and short article about "Bird's House" which is now on the National 
Register of Historic Places."
	from: google

https://www.amazon.com/Charlie-Parker-Strings-Master-Takes/dp/B0000046WK
	Title: "Charlie Parker - Charlie Parker with Strings: The Master Takes ..."
	Snippet: "This item:Charlie Parker with Strings: The Master Takes by Charlie Parker Audio 
CD $14.99. In Stock. Ships from and sold by Amazon.com. FREE Shipping on ..."
	from: google

https://open.spotify.com/artist/4Ww5mwS7BWYjoZTUIrMHfC
	Title: "Charlie Parker — Listen for free on Spotify"
	Snippet: "Charlie Parker. Download Spotify. One of a handful of musicians who can be said 
to have permanently changed jazz, Charlie Parker was arguably the greatest ..."
	from: google

http://www.last.fm/music/Charlie+Parker
	Title: "Charlie Parker — Free listening, videos, concerts, stats ..."
	Snippet: "Watch videos & listen free to Charlie Parker: Ornithology, Just Friends & more. Charles Christopher "Bird" Parker, Jr (29th August 1920 – 12th March ..."
	from: bing

http://www.amazon.co.uk/Charlie-Parker/e/B000APVGYY
	Title: "Amazon.co.uk: Charlie Parker: Albums, Songs, Biogs, Photos"
	Snippet: "Visit Amazon.co.uk's Charlie Parker Store to shop for Charlie Parker albums (CD, MP3, vinyl) and other Charlie Parker-related products (DVD, books, clothing). Also ..."
	from: bing

http://uk.linkedin.com/pub/dir/charlie/parker
	Title: "Top 10 Charlie Parker profiles | LinkedIn"
	Snippet: "View the profiles of professionals named Charlie Parker on LinkedIn. There are 802 professionals named Charlie Parker, who use LinkedIn to exchange information, ideas ..."
	from: bing

http://www.imdb.com/name/nm0662127/
	Title: "Charlie Parker - IMDb"
	Snippet: "Charlie Parker. Charles Christopher Parker Jr. was born on August 29, 1920, in a suburb of Kansas City, Missouri, to Charles Parker Sr. and his 18-year-old wife Addie."
	from: bing

http://www.charlie-parker.co.uk/
	Title: "Charlie Parker - independent-producer"
	Snippet: "Charlie Parker - independent-producer"
	from: bing
 
-------------------------

 The following results were duplicated in Bing:

 https://en.wikipedia.org/wiki/Charlie_Parker
	Title: "Charlie Parker - Wikipedia, the free encyclopedia"
	Snippet: "Charles "Charlie" Parker, Jr. (August 29, 1920 – March 12, 1955), also known as Yardbird and Bird, was an American jazz saxophonist and composer."
	from: bing

http://cmgww.com/music/parker/home.html
	Title: "The Official Site of Charlie "Yardbird" Parker - cmgww.com"
	Snippet: "The Official Site of Charlie Parker has everything you want to know about the original jazzmaster. Check out some Quotes, read all about his ..."
	from: bing

http://www.biography.com/people/charlie-parker-9433413
	Title: "Charlie Parker - Saxophonist, Songwriter - Biography.com"
	Snippet: "Legendary jazz saxophonist Charlie Parker invented bebop before dying a tragic death at the hands of heroin. Learn more at Biography.com."
	from: bing

http://www.allmusic.com/artist/charlie-parker-mn0000211758
	Title: "Charlie Parker | Biography, Albums, & Streaming Radio ..."
	Snippet: "Find Charlie Parker bio, music, credits, awards, & streaming radio on AllMusic - Jazz giant who changed the face of the entire…"
	from: bing

https://www.discogs.com/artist/75617-Charlie-Parker
	Title: "Charlie Parker Discography at Discogs"
	Snippet: "Complete your Charlie Parker record collection. Discover Charlie Parker's full discography. Shop new and used Vinyl and CDs."
	from: bing
 
-------------------------

 A simple similarity metric (does not consider results order):  50.000000%
