http://davidliebman.com/
	Title: "David Liebman | Official Website of Dave Liebman"
	Snippet: "Official site of saxophonist Liebman includes biography, discography, 
publications and reviews, photos, and interviews."
	from: google

https://en.wikipedia.org/wiki/Dave_Liebman
	Title: "Dave Liebman - Wikipedia, the free encyclopedia"
	Snippet: "David Liebman (born September 4, 1946) is an American saxophonist and 
flautist. In June 2010, he received a NEA Jazz Masters lifetime achievement 
award ..."
	from: google

https://www.facebook.com/David-Liebman-29847424589/
	Title: "David Liebman | Facebook"
	Snippet: "David Liebman. 42469 likes · 192 talking about this. NEA Jazz Master Dave 
Liebman is the top soprano in jazz. He is a highly individual and explorative..."
	from: google

http://www.allmusic.com/artist/david-liebman-mn0000175407
	Title: "David Liebman | Biography, Albums, & Streaming Radio | AllMusic"
	Snippet: "Find David Liebman bio, music, credits, awards, & streaming radio on AllMusic - 
Flutist and saxophonist best known for his work…"
	from: google

https://www.youtube.com/watch?v=jjq6rcEZ-J4
	Title: "David LIebman - Trane Lives! - YouTube"
	Snippet: "Oct 2, 2006 ... http://www.jazzvideoguy.tv presents Saxophone legend David Liebman 
performing. David Liebman - Soprano Saxophone, Joey Calderazzo ..."
	from: google

https://www.discogs.com/artist/65749-David-Liebman
	Title: "David Liebman Discography at Discogs"
	Snippet: "Complete your David Liebman record collection. Discover David Liebman's full 
discography. Shop new and used Vinyl and CDs."
	from: google

http://jazztimes.com/articles/58945-dave-liebman-when-miles-came-calling
	Title: "Jazz Articles: Dave Liebman: When Miles Came Calling - By Lewis ..."
	Snippet: "Nov 13, 2012 ... In the summer of 1972, 25-year-old saxophonist Dave Liebman was thriving and 
learning in a band led by Elvin Jones, the drummer most ..."
	from: google

https://es.wikipedia.org/wiki/Dave_Liebman
	Title: "Dave Liebman - Wikipedia, la enciclopedia libre"
	Snippet: "Dave Liebman (Brooklyn, Nueva York, 4 de septiembre de 1946) es un 
saxofonista (toca saxo soprano y tenor), flautista, clarinetista, pianista, batería y ..."
	from: google

https://www.youtube.com/watch?v=ROPRATRrGjA
	Title: "Perfect Saxophone Embouchure according to David Liebman ..."
	Snippet: "Mar 4, 2014 ... Perfect Saxophone Embouchure according to David Liebman ... David Liebman - 
Masterclass Woodbrass - Décembre 2014 - Duration: 2:11:03 ..."
	from: google

https://twitter.com/dave_liebman
	Title: "Dave Liebman (@Dave_Liebman) | Twitter"
	Snippet: "The latest Tweets from Dave Liebman (@Dave_Liebman). Dave Liebman is a 
forward-thinking player whose advanced style and association with Miles Davis ..."
	from: google

http://davidliebman.com/home/
	Title: "David Liebman | Official Website of Dave Liebman"
	Snippet: "by CT Konieczny. David Liebman is considered a renaissance man in contemporary music with a career stretching nearly fifty years. He has played with masters including ..."
	from: bing

https://www.facebook.com/pages/David-Liebman/29847424589
	Title: "David Liebman | Facebook"
	Snippet: "David Liebman. 42,480 likes · 1,328 talking about this. NEA Jazz Master Dave Liebman is the top soprano in jazz. He is a highly individual and..."
	from: bing

https://musicians.allaboutjazz.com/musician.php?id=8748
	Title: "Dave Liebman @ All About Jazz"
	Snippet: "Learn about and follow jazz musician Dave Liebman (Saxophone) at All About Jazz"
	from: bing

https://www.amazon.com/Dave-Liebman/e/B000APYOX4
	Title: "Amazon.com: Dave Liebman: Songs, Albums, Pictures, Bios"
	Snippet: "Visit Amazon.com's Dave Liebman Store to shop for Dave Liebman albums (CD, MP3, Vinyl), concert tickets, and other Dave Liebman-related products (DVDs, Books, T-shirts)."
	from: bing

https://www.ram.ac.uk/about-us/staff/dave-liebman
	Title: "Staff - Dave Liebman - Royal Academy of Music - ram.ac.uk"
	Snippet: "NEA Jazz Master Dave Liebman’s career has spanned nearly five decades, beginning in the early 1970s as the saxophone/flutist in both the Elvin Jones and Miles Davis ..."
	from: bing

https://www.linkedin.com/pub/dir/david/liebman
	Title: "Top 10 David Liebman profiles | LinkedIn"
	Snippet: "View the profiles of professionals named David Liebman on LinkedIn. There are 25 professionals named David Liebman, who use LinkedIn to exchange information, ideas ..."
	from: bing
 
-------------------------

 The following results were duplicated in Bing:

 https://en.wikipedia.org/wiki/Dave_Liebman
	Title: "Dave Liebman - Wikipedia, the free encyclopedia"
	Snippet: "David Liebman (born September 4, 1946) is an American saxophonist and flautist. In June 2010, he received a NEA Jazz Masters lifetime achievement award from the ..."
	from: bing

http://www.youtube.com/watch?v=jjq6rcEZ-J4
	Title: "David LIebman - Trane Lives! - YouTube"
	Snippet: "http://www.jazzvideoguy.tv presents Saxophone legend David Liebman performing. David Liebman - Soprano Saxophone, Joey Calderazzo - Piano, Dave Holland ..."
	from: bing

https://www.discogs.com/artist/65749-David-Liebman
	Title: "David Liebman Discography at Discogs"
	Snippet: "Complete your David Liebman record collection. Discover David Liebman's full discography. Shop new and used Vinyl and CDs."
	from: bing

http://www.allmusic.com/artist/david-liebman-mn0000175407
	Title: "David Liebman | Biography, Albums, & Streaming Radio ..."
	Snippet: "Find David Liebman bio, music, credits, awards, & streaming radio on AllMusic - Flutist and saxophonist best known for his work…"
	from: bing
 
-------------------------

 A simple similarity metric (does not consider results order):  40.000001%
