Simones-MacBook-Pro:cloogling sbruno$ lein run --quote-args "dizzie"
http://www.arper.com/us/en/products/collections/dizzie
	Title: "Dizzie"
	Snippet: "With a deceptively simple, visually striking, silhouette, Dizzie tables are ideal for
diverse settings from the domestic to the commercial. The sensuous, organic ..."
	from: google

http://www.urbandictionary.com/define.php?term=dizzie
	Title: "Urban Dictionary: dizzie"
	Snippet: "Top Definition. dizzie. a goofy girl that gets up in your face. an excellent softball
pitcher. skrizzy. Dizzie is a crazy lady. #dizzie #skrizzy #scroddle #kayla #short."
	from: google

http://www.arper.com/us/en/products/collections/dizzie-h-50
	Title: "Dizzie — H 50"
	Snippet: "Tables Dizzie — H 50 - Dizzie Arper 1. Dizzie, © Marco Covi. Tables Dizzie — H
50 - Dizzie Arper 2. Dizzie, © Marco Covi. Tables Dizzie — H 50 - Dizzie Arper 3."
	from: google

https://no.wikipedia.org/wiki/Dizzie_Tunes
	Title: "Dizzie Tunes - Wikipedia"
	Snippet: "Dizzie Tunes var ei norsk showgruppe som ble dannet i 1959 av Tor Erik
Gunstrøm, Svein Helge Høgberg, Einar Idland, Øyvind Klingberg og lederen
Yngvar ..."
	from: google

https://twitter.com/dizziethewizard
	Title: "DIZZIE THE WIZARD (@Dizziethewizard) | Twitter"
	Snippet: "The latest Tweets from DIZZIE THE WIZARD (@Dizziethewizard). Ultramodern
Hip Hop Artisit dizziethewizard@gmail.com for contact. Galaxtron, Outerspace."
	from: google

https://www.facebook.com/Dizzie-Lizzie-Couture-187195927968156/
	Title: "Dizzie Lizzie Couture | Facebook"
	Snippet: "Dizzie Lizzie Couture. 1271 likes · 27 talking about this · 102 were here. Dizzie
Lizzie have been designing and making beautiful Wedding Dresses for..."
	from: google

https://en.wikipedia.org/wiki/Dizzie_Tunes
	Title: "Dizzie Tunes - Wikipedia, the free encyclopedia"
	Snippet: "Dizzie Tunes is a former Norwegian musical show group from the city of Skien.
Dizzie Tunes is one of the most successful in Norwegian show business."
	from: google

https://www.discogs.com/artist/699969-Dizzie-Tunes
	Title: "Dizzie Tunes Discography at Discogs"
	Snippet: "Complete your Dizzie Tunes record collection. Discover Dizzie Tunes's full
discography. Shop new and used Vinyl and CDs."
	from: google

https://www.facebook.com/dizzie.ramsey
	Title: "Dizzie Ramsey | Facebook"
	Snippet: "Dizzie Ramsey is on Facebook. Join Facebook to connect with Dizzie Ramsey
and others you may know. Facebook gives people the power to share and makes
 ..."
	from: google

http://www.nba.com/suns/dj_dizzie_1112.html
	Title: "DJ DIZZIE | THE OFFICIAL SITE OF THE PHOENIX SUNS"
	Snippet: "DJ Dizzie. Click here to check out DJ Dizzie's photo gallery! QT:Headlines/Twitter
. Headlines. Suns Throwback: Alvan Adams, Part Two; E-Mail Debate: Defining ..."
	from: google

http://www.dizzeerascal.co.uk/
	Title: "Dizzee Rascal - Hype - Calvin Harris"
	Snippet: "Official site for the English rapper and MC."
	from: bing

http://dizzie.net/
	Title: "dizzie.net - bringing you back round"
	Snippet: "bringing you back round ... Good food is essential to keeping a calm head and a strong body. It is so easy to get food these days."
	from: bing

http://www.amazon.co.uk/Dizzee-Rascal/e/B00197K6WK
	Title: "Amazon.co.uk: Dizzee Rascal: Albums, Songs, Biogs, Photos"
	Snippet: "Visit Amazon.co.uk's Dizzee Rascal Store to shop for Dizzee Rascal albums (CD, MP3, vinyl) and other Dizzee Rascal-related products (DVD, books, clothing). Also ..."
	from: bing

http://www.youtube.com/user/DizzeeRascalVEVO
	Title: "DizzeeRascalVEVO - YouTube"
	Snippet: "Sign in now to see your channels and recommendations! Sign in. YouTube Red"
	from: bing

http://www.last.fm/music/Dizzee+Rascal
	Title: "Dizzee Rascal — Free listening, videos, concerts, stats ..."
	Snippet: "Watch videos & listen free to Dizzee Rascal: Fix Up, Look Sharp, Bonkers & more. Dylan Mills, known professionally as Dizzee Rascal (born November 1, 1985), is a ..."
	from: bing

http://www.bbc.co.uk/music/artists/1a99cc88-aea3-4fe3-96b9-20791667f65f
	Title: "Dizzee Rascal - BBC"
	Snippet: "The BBC artist page for Dizzee Rascal. Find the best clips, watch programmes, catch up on the news, and read the latest Dizzee Rascal interviews."
	from: bing

http://www.arper.com/ww/en/products/collections/dizzie
	Title: "Dizzie - Arper"
	Snippet: "With a deceptively simple, visually striking, silhouette, Dizzie tables are ideal for diverse settings from the domestic to the commercial. The sensuous, organic ..."
	from: bing

https://www.facebook.com/pages/Dizzie-Lizzie-Couture/187195927968156
	Title: "Dizzie Lizzie Couture | Facebook"
	Snippet: "Dizzie Lizzie Couture. 1,268 likes · 6 talking about this · 101 were here. Dizzie Lizzie have been designing and making beautiful Wedding Dresses for..."
	from: bing

https://soundcloud.com/dizzee-rascal
	Title: "Dizzee Rascal | Free Listening on SoundCloud"
	Snippet: "Listen to Dizzee Rascal | SoundCloud is an audio platform that lets you listen to what you love and share the sounds you create.. London. 157 Tracks. 31599 Followers."
	from: bing

https://www.amazon.co.uk/Tongue-N-Cheek-Dizzee-Rascal/dp/B002HWRMS2
	Title: "Tongue N Cheek. by Dizzee Rascal: Amazon.co.uk: Music"
	Snippet: "You know you're in for it when an album starts with such a huge club favourite as `Bonkers', and so it is with Dizzee Rascal's 4th album. Mr Rascal was the leader of ..."
	from: bing

-------------------------

 The following results were duplicated in Bing:


-------------------------

 A simple similarity metric (does not consider results order):  0.000000%