https://en.wikipedia.org/wiki/Dizzy_Gillespie
	Title: "Dizzy Gillespie - Wikipedia, the free encyclopedia"
	Snippet: "John Birks "Dizzy" Gillespie was an American jazz trumpeter, bandleader, 
composer, and singer. AllMusic's Scott Yanow wrote, "Dizzy Gillespie's 
contributions ..."
	from: google

http://www.dizzygillespie.com/
	Title: "The Official Site of Dizzy Gillespie"
	Snippet: "The Official Web Site of Dizzy Gillespie, featuring information about Dizzy 
Gillespie, as well as shopping, downloads, message boards, links, and business
 ..."
	from: google

http://www.allmusic.com/artist/dizzy-gillespie-mn0000162677
	Title: "Dizzy Gillespie | Biography, Albums, & Streaming Radio | AllMusic"
	Snippet: "Find Dizzy Gillespie bio, music, credits, awards, & streaming radio on AllMusic - 
Trumpet virtuoso and bop revolutionary whose…"
	from: google

https://www.youtube.com/watch?v=TvIXzeDLpMw
	Title: "Dizzy Gillespie - Salt Peanuts - YouTube"
	Snippet: "Nov 21, 2008 ... Dizzy in fine form in the 1970s. ... Dizzy Gillespie - Salt Peanuts ... 2:06 And so 
Dizzy Gillespiestores jazz in his cheeks for the upcoming winter﻿."
	from: google

http://dizzygillespie.org/
	Title: "Dizzy Gillespie All Stars | Dizzy Gillespie Big Band"
	Snippet: "Reviews, biographies and booking information for these alumni from Dizzy 
Gillespie's band."
	from: google

http://www.biography.com/people/dizzy-gillespie-9311417
	Title: "Dizzy Gillespie - Songwriter, Trumpet Player, Singer - Biography.com"
	Snippet: "A jazz trumpeter and composer, Dizzy Gillespie played with Charlie Parker and 
developed the music known as "bebop." His best-known compositions include ..."
	from: google

https://www.discogs.com/artist/64694-Dizzy-Gillespie
	Title: "Dizzy Gillespie Discography at Discogs"
	Snippet: "Complete your Dizzy Gillespie record collection. Discover Dizzy Gillespie's full 
discography. Shop new and used Vinyl and CDs."
	from: google

http://www.jazzandbluesmasters.com/dizzy.htm
	Title: "Dizzy Gillespie"
	Snippet: "John Birks "Dizzy" Gillespie, one of the greatest Jazz trumpeters of 20th century 
and one of the prime architects of the bebop movement in jazz, was born in ..."
	from: google

https://open.spotify.com/artist/5RzjqfPS0Bu4bUMkyNNDpn
	Title: "Dizzy Gillespie — Listen for free on Spotify"
	Snippet: "Dizzy Gillespie's contributions to jazz were huge. One of the greatest jazz 
trumpeters of all time (some would say the best), Gillespie was such a complex 
player ..."
	from: google

http://www.last.fm/music/Dizzy+Gillespie
	Title: "Dizzy Gillespie — Free listening, videos, concerts, stats and photos ..."
	Snippet: "Watch videos & listen free to Dizzy Gillespie: Manteca, A Night In Tunisia & more. 
John Birks "Dizzy" Gillespie (October 21, 1917 – January 6, 1993) was an ..."
	from: google

http://www.ebay.co.uk/bhp/dizzy-gillespie
	Title: "Dizzy Gillespie: Music | eBay"
	Snippet: "Find great deals on eBay for Dizzy Gillespie in Music CDs. Shop with confidence."
	from: bing

https://www.amazon.co.uk/John-Dizzy-Gillespie-Digital-Music/s?ie=UTF8&page=1&rh=n%3A77197031%2Ck%3AJohn%20%22Dizzy%22%20Gillespie
	Title: "Amazon.co.uk: John "Dizzy" Gillespie: Digital Music"
	Snippet: "Online shopping from a great selection at Digital Music Store."
	from: bing

http://www.allmusic.com/artist/dizzy-gillespie-mn0000162677/biography
	Title: "Dizzy Gillespie | Biography & History | AllMusic"
	Snippet: "Find Dizzy Gillespie biography and history on AllMusic - Dizzy Gillespie's contributions to jazz were…"
	from: bing
 
-------------------------

 The following results were duplicated in Bing:

 http://www.dizzygillespie.com/
	Title: "The Official Site of Dizzy Gillespie"
	Snippet: "The Official Web Site of Dizzy Gillespie, featuring information about Dizzy Gillespie, as well as shopping, downloads, message boards, links, and business inquiries."
	from: bing

http://www.allmusic.com/artist/dizzy-gillespie-mn0000162677
	Title: "Dizzy Gillespie | Biography, Albums, & Streaming Radio ..."
	Snippet: "Find Dizzy Gillespie bio, music, credits, awards, & streaming radio on AllMusic - Trumpet virtuoso and bop revolutionary whose…"
	from: bing

http://www.last.fm/music/Dizzy+Gillespie
	Title: "Dizzy Gillespie — Free listening, videos, concerts, stats ..."
	Snippet: "John Birks "Dizzy" Gillespie (October 21, 1917 – January 6, 1993) was an American jazz trumpeter, bandleader, composer and occasional singer."
	from: bing

http://dizzygillespie.org/
	Title: "Dizzy Gillespie All Stars | Dizzy Gillespie Big Band"
	Snippet: "Reviews, biographies and booking information for these alumni from Dizzy Gillespie's band."
	from: bing

https://www.discogs.com/artist/64694-Dizzy-Gillespie
	Title: "Dizzy Gillespie Discography at Discogs"
	Snippet: "Complete your Dizzy Gillespie record collection. Discover Dizzy Gillespie's full discography. Shop new and used Vinyl and CDs."
	from: bing

http://www.biography.com/people/dizzy-gillespie-9311417
	Title: "Dizzy Gillespie - Songwriter, Trumpet Player, Singer ..."
	Snippet: "A jazz trumpeter and composer, Dizzy Gillespie played with Charlie Parker and developed the music known as "bebop." His best-known compositions include "Oop Bob Sh ..."
	from: bing

https://en.wikipedia.org/wiki/Dizzy_Gillespie
	Title: "Dizzy Gillespie - Wikipedia, the free encyclopedia"
	Snippet: "John Birks "Dizzy" Gillespie (/ ɡ ᵻ ˈ l ɛ s p i /; October 21, 1917 – January 6, 1993) was an American jazz trumpeter, bandleader, composer, and singer."
	from: bing
 
-------------------------

 A simple similarity metric (does not consider results order):  69.999999%
